{"C:\\Users\\pasgo\\Desktop\\Senac\\2ºSemestre\\POO\\Personagem\\Inimigo.ts": {"path":"C:\\Users\\pasgo\\Desktop\\Senac\\2ºSemestre\\POO\\Personagem\\Inimigo.ts","statementMap":{"0":{"start":{"line":1,"column":0},"end":{"line":1,"column":30}},"1":{"start":{"line":11,"column":8},"end":{"line":11,"column":23}},"2":{"start":{"line":12,"column":8},"end":{"line":12,"column":45}},"3":{"start":{"line":13,"column":8},"end":{"line":13,"column":46}},"4":{"start":{"line":14,"column":8},"end":{"line":14,"column":46}},"5":{"start":{"line":3,"column":0},"end":{"line":3,"column":13}}},"fnMap":{"0":{"name":"(anonymous_0)","decl":{"start":{"line":10,"column":4},"end":{"line":10,"column":null}},"loc":{"start":{"line":10,"column":4},"end":{"line":16,"column":5}}}},"branchMap":{},"s":{"0":1,"1":0,"2":0,"3":0,"4":0,"5":1},"f":{"0":0},"b":{}}
,"C:\\Users\\pasgo\\Desktop\\Senac\\2ºSemestre\\POO\\Personagem\\Personagem.ts": {"path":"C:\\Users\\pasgo\\Desktop\\Senac\\2ºSemestre\\POO\\Personagem\\Personagem.ts","statementMap":{"0":{"start":{"line":1,"column":0},"end":{"line":1,"column":30}},"1":{"start":{"line":2,"column":0},"end":{"line":2,"column":33}},"2":{"start":{"line":3,"column":0},"end":{"line":3,"column":36}},"3":{"start":{"line":22,"column":8},"end":{"line":22,"column":25}},"4":{"start":{"line":23,"column":8},"end":{"line":23,"column":26}},"5":{"start":{"line":24,"column":8},"end":{"line":24,"column":25}},"6":{"start":{"line":25,"column":8},"end":{"line":25,"column":27}},"7":{"start":{"line":26,"column":8},"end":{"line":26,"column":null}},"8":{"start":{"line":27,"column":8},"end":{"line":27,"column":null}},"9":{"start":{"line":28,"column":8},"end":{"line":28,"column":22}},"10":{"start":{"line":29,"column":8},"end":{"line":29,"column":26}},"11":{"start":{"line":30,"column":8},"end":{"line":30,"column":23}},"12":{"start":{"line":31,"column":8},"end":{"line":31,"column":29}},"13":{"start":{"line":35,"column":8},"end":{"line":41,"column":9}},"14":{"start":{"line":36,"column":12},"end":{"line":36,"column":29}},"15":{"start":{"line":37,"column":15},"end":{"line":41,"column":9}},"16":{"start":{"line":38,"column":12},"end":{"line":38,"column":29}},"17":{"start":{"line":39,"column":15},"end":{"line":41,"column":9}},"18":{"start":{"line":40,"column":12},"end":{"line":40,"column":30}},"19":{"start":{"line":42,"column":8},"end":{"line":42,"column":null}},"20":{"start":{"line":43,"column":8},"end":{"line":43,"column":null}},"21":{"start":{"line":48,"column":8},"end":{"line":54,"column":9}},"22":{"start":{"line":49,"column":12},"end":{"line":49,"column":30}},"23":{"start":{"line":50,"column":15},"end":{"line":54,"column":9}},"24":{"start":{"line":51,"column":12},"end":{"line":51,"column":30}},"25":{"start":{"line":52,"column":15},"end":{"line":54,"column":9}},"26":{"start":{"line":53,"column":12},"end":{"line":53,"column":31}},"27":{"start":{"line":55,"column":8},"end":{"line":55,"column":null}},"28":{"start":{"line":56,"column":8},"end":{"line":56,"column":28}},"29":{"start":{"line":60,"column":8},"end":{"line":64,"column":9}},"30":{"start":{"line":61,"column":12},"end":{"line":61,"column":67}},"31":{"start":{"line":62,"column":15},"end":{"line":64,"column":9}},"32":{"start":{"line":63,"column":12},"end":{"line":63,"column":68}},"33":{"start":{"line":65,"column":8},"end":{"line":65,"column":32}},"34":{"start":{"line":70,"column":8},"end":{"line":70,"column":81}},"35":{"start":{"line":71,"column":8},"end":{"line":71,"column":54}},"36":{"start":{"line":72,"column":8},"end":{"line":72,"column":null}},"37":{"start":{"line":73,"column":8},"end":{"line":73,"column":null}},"38":{"start":{"line":74,"column":8},"end":{"line":74,"column":null}},"39":{"start":{"line":75,"column":8},"end":{"line":75,"column":null}},"40":{"start":{"line":76,"column":8},"end":{"line":76,"column":null}},"41":{"start":{"line":77,"column":8},"end":{"line":77,"column":null}},"42":{"start":{"line":78,"column":8},"end":{"line":78,"column":null}},"43":{"start":{"line":79,"column":8},"end":{"line":79,"column":null}},"44":{"start":{"line":80,"column":8},"end":{"line":80,"column":null}},"45":{"start":{"line":81,"column":8},"end":{"line":81,"column":null}},"46":{"start":{"line":82,"column":8},"end":{"line":82,"column":null}},"47":{"start":{"line":83,"column":8},"end":{"line":83,"column":null}},"48":{"start":{"line":84,"column":8},"end":{"line":84,"column":null}},"49":{"start":{"line":85,"column":8},"end":{"line":85,"column":null}},"50":{"start":{"line":86,"column":8},"end":{"line":86,"column":null}},"51":{"start":{"line":87,"column":8},"end":{"line":87,"column":54}},"52":{"start":{"line":88,"column":8},"end":{"line":88,"column":28}},"53":{"start":{"line":89,"column":8},"end":{"line":89,"column":29}},"54":{"start":{"line":90,"column":29},"end":{"line":90,"column":74}},"55":{"start":{"line":91,"column":8},"end":{"line":94,"column":9}},"56":{"start":{"line":92,"column":12},"end":{"line":92,"column":31}},"57":{"start":{"line":93,"column":12},"end":{"line":93,"column":32}},"58":{"start":{"line":95,"column":8},"end":{"line":95,"column":null}},"59":{"start":{"line":99,"column":24},"end":{"line":99,"column":32}},"60":{"start":{"line":100,"column":22},"end":{"line":100,"column":35}},"61":{"start":{"line":101,"column":8},"end":{"line":101,"column":null}},"62":{"start":{"line":102,"column":8},"end":{"line":102,"column":58}},"63":{"start":{"line":103,"column":8},"end":{"line":103,"column":39}},"64":{"start":{"line":104,"column":8},"end":{"line":109,"column":10}},"65":{"start":{"line":111,"column":8},"end":{"line":143,"column":9}},"66":{"start":{"line":112,"column":12},"end":{"line":112,"column":40}},"67":{"start":{"line":113,"column":12},"end":{"line":113,"column":42}},"68":{"start":{"line":114,"column":12},"end":{"line":114,"column":44}},"69":{"start":{"line":115,"column":12},"end":{"line":115,"column":40}},"70":{"start":{"line":116,"column":12},"end":{"line":116,"column":40}},"71":{"start":{"line":118,"column":35},"end":{"line":118,"column":65}},"72":{"start":{"line":120,"column":12},"end":{"line":130,"column":13}},"73":{"start":{"line":121,"column":16},"end":{"line":121,"column":44}},"74":{"start":{"line":122,"column":16},"end":{"line":129,"column":17}},"75":{"start":{"line":123,"column":20},"end":{"line":123,"column":47}},"76":{"start":{"line":124,"column":20},"end":{"line":124,"column":26}},"77":{"start":{"line":126,"column":20},"end":{"line":126,"column":null}},"78":{"start":{"line":127,"column":20},"end":{"line":127,"column":48}},"79":{"start":{"line":128,"column":20},"end":{"line":128,"column":44}},"80":{"start":{"line":132,"column":12},"end":{"line":138,"column":13}},"81":{"start":{"line":133,"column":16},"end":{"line":133,"column":67}},"82":{"start":{"line":134,"column":36},"end":{"line":134,"column":73}},"83":{"start":{"line":135,"column":16},"end":{"line":135,"column":null}},"84":{"start":{"line":136,"column":16},"end":{"line":136,"column":40}},"85":{"start":{"line":140,"column":12},"end":{"line":142,"column":13}},"86":{"start":{"line":141,"column":16},"end":{"line":141,"column":22}},"87":{"start":{"line":7,"column":0},"end":{"line":7,"column":13}}},"fnMap":{"0":{"name":"(anonymous_1)","decl":{"start":{"line":21,"column":4},"end":{"line":21,"column":16}},"loc":{"start":{"line":21,"column":58},"end":{"line":32,"column":5}}},"1":{"name":"(anonymous_2)","decl":{"start":{"line":34,"column":4},"end":{"line":34,"column":16}},"loc":{"start":{"line":34,"column":31},"end":{"line":45,"column":5}}},"2":{"name":"(anonymous_3)","decl":{"start":{"line":47,"column":4},"end":{"line":47,"column":16}},"loc":{"start":{"line":47,"column":32},"end":{"line":58,"column":5}}},"3":{"name":"(anonymous_4)","decl":{"start":{"line":59,"column":4},"end":{"line":59,"column":13}},"loc":{"start":{"line":59,"column":36},"end":{"line":67,"column":5}}},"4":{"name":"(anonymous_5)","decl":{"start":{"line":69,"column":4},"end":{"line":69,"column":15}},"loc":{"start":{"line":69,"column":15},"end":{"line":96,"column":5}}},"5":{"name":"(anonymous_6)","decl":{"start":{"line":97,"column":4},"end":{"line":97,"column":19}},"loc":{"start":{"line":97,"column":19},"end":{"line":145,"column":5}}}},"branchMap":{"0":{"loc":{"start":{"line":35,"column":8},"end":{"line":41,"column":9}},"type":"if","locations":[{"start":{"line":35,"column":8},"end":{"line":41,"column":9}},{"start":{"line":37,"column":15},"end":{"line":41,"column":9}}]},"1":{"loc":{"start":{"line":37,"column":15},"end":{"line":41,"column":9}},"type":"if","locations":[{"start":{"line":37,"column":15},"end":{"line":41,"column":9}},{"start":{"line":39,"column":15},"end":{"line":41,"column":9}}]},"2":{"loc":{"start":{"line":39,"column":15},"end":{"line":41,"column":9}},"type":"if","locations":[{"start":{"line":39,"column":15},"end":{"line":41,"column":9}}]},"3":{"loc":{"start":{"line":48,"column":8},"end":{"line":54,"column":9}},"type":"if","locations":[{"start":{"line":48,"column":8},"end":{"line":54,"column":9}},{"start":{"line":50,"column":15},"end":{"line":54,"column":9}}]},"4":{"loc":{"start":{"line":50,"column":15},"end":{"line":54,"column":9}},"type":"if","locations":[{"start":{"line":50,"column":15},"end":{"line":54,"column":9}},{"start":{"line":52,"column":15},"end":{"line":54,"column":9}}]},"5":{"loc":{"start":{"line":52,"column":15},"end":{"line":54,"column":9}},"type":"if","locations":[{"start":{"line":52,"column":15},"end":{"line":54,"column":9}}]},"6":{"loc":{"start":{"line":60,"column":8},"end":{"line":64,"column":9}},"type":"if","locations":[{"start":{"line":60,"column":8},"end":{"line":64,"column":9}},{"start":{"line":62,"column":15},"end":{"line":64,"column":9}}]},"7":{"loc":{"start":{"line":62,"column":15},"end":{"line":64,"column":9}},"type":"if","locations":[{"start":{"line":62,"column":15},"end":{"line":64,"column":9}}]},"8":{"loc":{"start":{"line":90,"column":29},"end":{"line":90,"column":74}},"type":"binary-expr","locations":[{"start":{"line":90,"column":30},"end":{"line":90,"column":48}},{"start":{"line":90,"column":54},"end":{"line":90,"column":73}}]},"9":{"loc":{"start":{"line":91,"column":8},"end":{"line":94,"column":9}},"type":"if","locations":[{"start":{"line":91,"column":8},"end":{"line":94,"column":9}}]},"10":{"loc":{"start":{"line":120,"column":12},"end":{"line":130,"column":13}},"type":"if","locations":[{"start":{"line":120,"column":12},"end":{"line":130,"column":13}}]},"11":{"loc":{"start":{"line":122,"column":16},"end":{"line":129,"column":17}},"type":"if","locations":[{"start":{"line":122,"column":16},"end":{"line":129,"column":17}},{"start":{"line":125,"column":21},"end":{"line":129,"column":17}}]},"12":{"loc":{"start":{"line":132,"column":12},"end":{"line":138,"column":13}},"type":"if","locations":[{"start":{"line":132,"column":12},"end":{"line":138,"column":13}}]},"13":{"loc":{"start":{"line":140,"column":12},"end":{"line":142,"column":13}},"type":"if","locations":[{"start":{"line":140,"column":12},"end":{"line":142,"column":13}}]}},"s":{"0":1,"1":1,"2":1,"3":3,"4":3,"5":3,"6":3,"7":3,"8":3,"9":3,"10":3,"11":3,"12":3,"13":1,"14":0,"15":1,"16":1,"17":0,"18":0,"19":1,"20":1,"21":1,"22":0,"23":1,"24":1,"25":0,"26":0,"27":1,"28":1,"29":0,"30":0,"31":0,"32":0,"33":0,"34":0,"35":0,"36":0,"37":0,"38":0,"39":0,"40":0,"41":0,"42":0,"43":0,"44":0,"45":0,"46":0,"47":0,"48":0,"49":0,"50":0,"51":0,"52":0,"53":0,"54":0,"55":0,"56":0,"57":0,"58":0,"59":0,"60":0,"61":0,"62":0,"63":0,"64":0,"65":0,"66":0,"67":0,"68":0,"69":0,"70":0,"71":0,"72":0,"73":0,"74":0,"75":0,"76":0,"77":0,"78":0,"79":0,"80":0,"81":0,"82":0,"83":0,"84":0,"85":0,"86":0,"87":1},"f":{"0":3,"1":1,"2":1,"3":0,"4":0,"5":0},"b":{"0":[0,1],"1":[1,0],"2":[0],"3":[0,1],"4":[1,0],"5":[0],"6":[0,0],"7":[0],"8":[0,0],"9":[0],"10":[0],"11":[0,0],"12":[0],"13":[0]}}
,"C:\\Users\\pasgo\\Desktop\\Senac\\2ºSemestre\\POO\\Personagem\\Util.ts": {"path":"C:\\Users\\pasgo\\Desktop\\Senac\\2ºSemestre\\POO\\Personagem\\Util.ts","statementMap":{"0":{"start":{"line":5,"column":8},"end":{"line":5,"column":61}},"1":{"start":{"line":8,"column":25},"end":{"line":8,"column":48}},"2":{"start":{"line":9,"column":8},"end":{"line":11,"column":9}},"3":{"start":{"line":10,"column":12},"end":{"line":10,"column":36}},"4":{"start":{"line":13,"column":23},"end":{"line":13,"column":47}},"5":{"start":{"line":14,"column":8},"end":{"line":16,"column":9}},"6":{"start":{"line":15,"column":12},"end":{"line":15,"column":37}},"7":{"start":{"line":18,"column":8},"end":{"line":20,"column":9}},"8":{"start":{"line":19,"column":12},"end":{"line":19,"column":36}},"9":{"start":{"line":23,"column":8},"end":{"line":25,"column":9}},"10":{"start":{"line":24,"column":12},"end":{"line":24,"column":63}},"11":{"start":{"line":3,"column":0},"end":{"line":3,"column":13}}},"fnMap":{"0":{"name":"(anonymous_0)","decl":{"start":{"line":4,"column":4},"end":{"line":4,"column":10}},"loc":{"start":{"line":4,"column":46},"end":{"line":6,"column":5}}},"1":{"name":"(anonymous_1)","decl":{"start":{"line":7,"column":4},"end":{"line":7,"column":10}},"loc":{"start":{"line":7,"column":46},"end":{"line":28,"column":5}}}},"branchMap":{"0":{"loc":{"start":{"line":9,"column":8},"end":{"line":11,"column":9}},"type":"if","locations":[{"start":{"line":9,"column":8},"end":{"line":11,"column":9}}]},"1":{"loc":{"start":{"line":14,"column":8},"end":{"line":16,"column":9}},"type":"if","locations":[{"start":{"line":14,"column":8},"end":{"line":16,"column":9}}]},"2":{"loc":{"start":{"line":18,"column":8},"end":{"line":20,"column":9}},"type":"if","locations":[{"start":{"line":18,"column":8},"end":{"line":20,"column":9}}]},"3":{"loc":{"start":{"line":23,"column":8},"end":{"line":25,"column":9}},"type":"if","locations":[{"start":{"line":23,"column":8},"end":{"line":25,"column":9}}]}},"s":{"0":0,"1":2,"2":2,"3":1,"4":2,"5":2,"6":1,"7":2,"8":0,"9":2,"10":0,"11":1},"f":{"0":0,"1":2},"b":{"0":[1],"1":[1],"2":[0],"3":[0]}}
}
