TN:
SF:Inimigo.ts
FN:10,(anonymous_0)
FNF:1
FNH:0
FNDA:0,(anonymous_0)
DA:1,1
DA:3,1
DA:11,0
DA:12,0
DA:13,0
DA:14,0
LF:6
LH:2
BRF:0
BRH:0
end_of_record
TN:
SF:Personagem.ts
FN:21,(anonymous_1)
FN:34,(anonymous_2)
FN:47,(anonymous_3)
FN:59,(anonymous_4)
FN:69,(anonymous_5)
FN:97,(anonymous_6)
FNF:6
FNH:3
FNDA:3,(anonymous_1)
FNDA:1,(anonymous_2)
FNDA:1,(anonymous_3)
FNDA:0,(anonymous_4)
FNDA:0,(anonymous_5)
FNDA:0,(anonymous_6)
DA:1,1
DA:2,1
DA:3,1
DA:7,1
DA:22,3
DA:23,3
DA:24,3
DA:25,3
DA:26,3
DA:27,3
DA:28,3
DA:29,3
DA:30,3
DA:31,3
DA:35,1
DA:36,0
DA:37,1
DA:38,1
DA:39,0
DA:40,0
DA:42,1
DA:43,1
DA:48,1
DA:49,0
DA:50,1
DA:51,1
DA:52,0
DA:53,0
DA:55,1
DA:56,1
DA:60,0
DA:61,0
DA:62,0
DA:63,0
DA:65,0
DA:70,0
DA:71,0
DA:72,0
DA:73,0
DA:74,0
DA:75,0
DA:76,0
DA:77,0
DA:78,0
DA:79,0
DA:80,0
DA:81,0
DA:82,0
DA:83,0
DA:84,0
DA:85,0
DA:86,0
DA:87,0
DA:88,0
DA:89,0
DA:90,0
DA:91,0
DA:92,0
DA:93,0
DA:95,0
DA:99,0
DA:100,0
DA:101,0
DA:102,0
DA:103,0
DA:104,0
DA:111,0
DA:112,0
DA:113,0
DA:114,0
DA:115,0
DA:116,0
DA:118,0
DA:120,0
DA:121,0
DA:122,0
DA:123,0
DA:124,0
DA:126,0
DA:127,0
DA:128,0
DA:132,0
DA:133,0
DA:134,0
DA:135,0
DA:136,0
DA:140,0
DA:141,0
LF:88
LH:24
BRDA:35,0,0,0
BRDA:35,0,1,1
BRDA:37,1,0,1
BRDA:37,1,1,0
BRDA:39,2,0,0
BRDA:48,3,0,0
BRDA:48,3,1,1
BRDA:50,4,0,1
BRDA:50,4,1,0
BRDA:52,5,0,0
BRDA:60,6,0,0
BRDA:60,6,1,0
BRDA:62,7,0,0
BRDA:90,8,0,0
BRDA:90,8,1,0
BRDA:91,9,0,0
BRDA:120,10,0,0
BRDA:122,11,0,0
BRDA:122,11,1,0
BRDA:132,12,0,0
BRDA:140,13,0,0
BRF:21
BRH:4
end_of_record
TN:
SF:Util.ts
FN:4,(anonymous_0)
FN:7,(anonymous_1)
FNF:2
FNH:1
FNDA:0,(anonymous_0)
FNDA:2,(anonymous_1)
DA:3,1
DA:5,0
DA:8,2
DA:9,2
DA:10,1
DA:13,2
DA:14,2
DA:15,1
DA:18,2
DA:19,0
DA:23,2
DA:24,0
LF:12
LH:9
BRDA:9,0,0,1
BRDA:14,1,0,1
BRDA:18,2,0,0
BRDA:23,3,0,0
BRF:4
BRH:2
end_of_record
