{"C:\\Users\\pasgo\\Desktop\\Senac\\2ºSemestre\\POO\\Calculadora\\Calculadora.ts": {"path":"C:\\Users\\pasgo\\Desktop\\Senac\\2ºSemestre\\POO\\Calculadora\\Calculadora.ts","statementMap":{"0":{"start":{"line":4,"column":8},"end":{"line":6,"column":9}},"1":{"start":{"line":5,"column":12},"end":{"line":5,"column":63}},"2":{"start":{"line":7,"column":26},"end":{"line":7,"column":35}},"3":{"start":{"line":8,"column":8},"end":{"line":8,"column":25}},"4":{"start":{"line":12,"column":8},"end":{"line":12,"column":27}},"5":{"start":{"line":1,"column":0},"end":{"line":1,"column":13}}},"fnMap":{"0":{"name":"(anonymous_0)","decl":{"start":{"line":3,"column":4},"end":{"line":3,"column":11}},"loc":{"start":{"line":3,"column":38},"end":{"line":9,"column":5}}},"1":{"name":"(anonymous_1)","decl":{"start":{"line":11,"column":4},"end":{"line":11,"column":9}},"loc":{"start":{"line":11,"column":36},"end":{"line":13,"column":5}}}},"branchMap":{"0":{"loc":{"start":{"line":4,"column":8},"end":{"line":6,"column":9}},"type":"if","locations":[{"start":{"line":4,"column":8},"end":{"line":6,"column":9}}]}},"s":{"0":3,"1":2,"2":1,"3":1,"4":1,"5":1},"f":{"0":3,"1":1},"b":{"0":[2]}}
}
